Arguments: 
  /usr/local/bin/node /usr/local/lib/node_modules/vtex/node_modules/yarn/bin/yarn.js --non-interactive

PATH: 
  /Users/gustavo/.yarn/bin:/Users/gustavo/Library/Python/2.7/bin/:/Library/PostgreSQL/9.6/bin:/Library/Frameworks/Python.framework/Versions/3.5/bin:/Library/Frameworks/Python.framework/Versions/2.7/bin:/usr/local/bin:/usr/bin:/bin:/usr/sbin:/sbin:/usr/local/share/dotnet:/opt/X11/bin:/Library/Frameworks/Mono.framework/Versions/Current/Commands

Yarn version: 
  1.16.0

Node version: 
  10.15.1

Platform: 
  darwin x64

Trace: 
  SyntaxError: /Users/gustavo/GitHub/admin/admin-context/react/package.json: Unexpected token } in JSON at position 375
      at JSON.parse (<anonymous>)
      at /usr/local/lib/node_modules/vtex/node_modules/yarn/lib/cli.js:1625:59
      at Generator.next (<anonymous>)
      at step (/usr/local/lib/node_modules/vtex/node_modules/yarn/lib/cli.js:304:30)
      at /usr/local/lib/node_modules/vtex/node_modules/yarn/lib/cli.js:315:13

npm manifest: 
  {
    "name": "gc-context",
    "version": "1.0.0",
    "description": "",
    "main": "index.js",
    "scripts": {
      "test": "echo \"Error: no test specified\" && exit 1"
    },
    "author": "",
    "license": "ISC",
    "dependencies": {
      "@types/node": "10.12.2",
      "@types/react": "16.4.18",
      "apollo-client": "^2.4.7",
      "graphql": "^14.0.2",
      "react-apollo": "^2.3.2",
    }
  }

yarn manifest: 
  No manifest

Lockfile: 
  # THIS IS AN AUTOGENERATED FILE. DO NOT EDIT THIS FILE DIRECTLY.
  # yarn lockfile v1
  
  
  "@types/node@10.12.2":
    version "10.12.2"
    resolved "https://registry.yarnpkg.com/@types/node/-/node-10.12.2.tgz#d77f9faa027cadad9c912cd47f4f8b07b0fb0864"
    integrity sha512-53ElVDSnZeFUUFIYzI8WLQ25IhWzb6vbddNp8UHlXQyU0ET2RhV5zg0NfubzU7iNMh5bBXb0htCzfvrSVNgzaQ==
  
  "@types/prop-types@*":
    version "15.7.1"
    resolved "https://registry.yarnpkg.com/@types/prop-types/-/prop-types-15.7.1.tgz#f1a11e7babb0c3cad68100be381d1e064c68f1f6"
    integrity sha512-CFzn9idOEpHrgdw8JsoTkaDDyRWk1jrzIV8djzcgpq0y9tG4B4lFT+Nxh52DVpDXV+n4+NPNv7M1Dj5uMp6XFg==
  
  "@types/react@16.4.18":
    version "16.4.18"
    resolved "https://registry.yarnpkg.com/@types/react/-/react-16.4.18.tgz#2e28a2e7f92d3fa7d6a65f2b73275c3e3138a13d"
    integrity sha512-eFzJKEg6pdeaukVLVZ8Xb79CTl/ysX+ExmOfAAqcFlCCK5TgFDD9kWR0S18sglQ3EmM8U+80enjUqbfnUyqpdA==
    dependencies:
      "@types/prop-types" "*"
      csstype "^2.2.0"
  
  csstype@^2.2.0:
    version "2.6.5"
    resolved "https://registry.yarnpkg.com/csstype/-/csstype-2.6.5.tgz#1cd1dff742ebf4d7c991470ae71e12bb6751e034"
    integrity sha512-JsTaiksRsel5n7XwqPAfB0l3TFKdpjW/kgAELf9vrb5adGA7UCPLajKK5s3nFrcFm3Rkyp/Qkgl73ENc1UY3cA==
